0 info it worked if it ends with ok
1 verbose cli [ '/usr/bin/node', '/usr/bin/npm', 'run', 'scss' ]
2 info using npm@3.5.2
3 info using node@v8.10.0
4 verbose run-script [ 'prescss', 'scss', 'postscss' ]
5 info lifecycle name@1.0.0~prescss: name@1.0.0
6 silly lifecycle name@1.0.0~prescss: no script for prescss, continuing
7 info lifecycle name@1.0.0~scss: name@1.0.0
8 verbose lifecycle name@1.0.0~scss: unsafe-perm in lifecycle true
9 verbose lifecycle name@1.0.0~scss: PATH: /usr/share/npm/bin/node-gyp-bin:/home/fliftys/Pulpit/Projekty/11.weeklyWebdevChallenge/node_modules/.bin:/usr/local/sbin:/usr/local/bin:/usr/sbin:/usr/bin:/sbin:/bin:/usr/games:/usr/local/games:/snap/bin
10 verbose lifecycle name@1.0.0~scss: CWD: /home/fliftys/Pulpit/Projekty/11.weeklyWebdevChallenge
11 silly lifecycle name@1.0.0~scss: Args: [ '-c', 'node-sass -watch ./scss/ -o ./css --recursive' ]
12 silly lifecycle name@1.0.0~scss: Returned: code: 1  signal: null
13 info lifecycle name@1.0.0~scss: Failed to exec scss script
14 verbose stack Error: name@1.0.0 scss: `node-sass -watch ./scss/ -o ./css --recursive`
14 verbose stack Exit status 1
14 verbose stack     at EventEmitter.<anonymous> (/usr/share/npm/lib/utils/lifecycle.js:232:16)
14 verbose stack     at emitTwo (events.js:126:13)
14 verbose stack     at EventEmitter.emit (events.js:214:7)
14 verbose stack     at ChildProcess.<anonymous> (/usr/share/npm/lib/utils/spawn.js:24:14)
14 verbose stack     at emitTwo (events.js:126:13)
14 verbose stack     at ChildProcess.emit (events.js:214:7)
14 verbose stack     at maybeClose (internal/child_process.js:925:16)
14 verbose stack     at Process.ChildProcess._handle.onexit (internal/child_process.js:209:5)
15 verbose pkgid name@1.0.0
16 verbose cwd /home/fliftys/Pulpit/Projekty/11.weeklyWebdevChallenge
17 error Linux 4.18.0-25-generic
18 error argv "/usr/bin/node" "/usr/bin/npm" "run" "scss"
19 error node v8.10.0
20 error npm  v3.5.2
21 error code ELIFECYCLE
22 error name@1.0.0 scss: `node-sass -watch ./scss/ -o ./css --recursive`
22 error Exit status 1
23 error Failed at the name@1.0.0 scss script 'node-sass -watch ./scss/ -o ./css --recursive'.
23 error Make sure you have the latest version of node.js and npm installed.
23 error If you do, this is most likely a problem with the name package,
23 error not with npm itself.
23 error Tell the author that this fails on your system:
23 error     node-sass -watch ./scss/ -o ./css --recursive
23 error You can get information on how to open an issue for this project with:
23 error     npm bugs name
23 error Or if that isn't available, you can get their info via:
23 error     npm owner ls name
23 error There is likely additional logging output above.
24 verbose exit [ 1, true ]
